<?xml version="1.0" encoding="UTF-8"?>
<!-- Generated by org.testng.reporters.JUnitXMLReporter -->
<testsuite ignored="11" hostname="R_LUV" failures="0" tests="1" name="Default test" time="1.849" errors="0" timestamp="2024-04-04T15:41:47 EDT">
  <testcase classname="testlayer.CreateaccountTest" name="@BeforeTest initial_setup" time="1.144">
    <failure type="org.openqa.selenium.SessionNotCreatedException" message="session not created: This version of ChromeDriver only supports Chrome version 107
Current browser version is 123.0.6312.88 with binary path C:\Program Files\Google\Chrome\Application\chrome.exe
Build info: version: &amp;apos;3.141.59&amp;apos;, revision: &amp;apos;e82be7d358&amp;apos;, time: &amp;apos;2018-11-14T08:17:03&amp;apos;
System info: host: &amp;apos;R_LUV&amp;apos;, ip: &amp;apos;10.0.0.240&amp;apos;, os.name: &amp;apos;Windows 11&amp;apos;, os.arch: &amp;apos;amd64&amp;apos;, os.version: &amp;apos;10.0&amp;apos;, java.version: &amp;apos;21.0.1&amp;apos;
Driver info: driver.version: ChromeDriver
remote stacktrace: Backtrace:
	Ordinal0 [0x002EACD3+2075859]
	Ordinal0 [0x0027EE61+1633889]
	Ordinal0 [0x0017B7BD+571325]
	Ordinal0 [0x0019DFCD+712653]
	Ordinal0 [0x00199266+692838]
	Ordinal0 [0x00196BE9+682985]
	Ordinal0 [0x001CDBD3+908243]
	Ordinal0 [0x001CD6AA+906922]
	Ordinal0 [0x001C7136+880950]
	Ordinal0 [0x0019FEFD+720637]
	Ordinal0 [0x001A0F3F+724799]
	GetHandleVerifier [0x0059EED2+2769538]
	GetHandleVerifier [0x00590D95+2711877]
	GetHandleVerifier [0x0037A03A+521194]
	GetHandleVerifier [0x00378DA0+516432]
	Ordinal0 [0x0028682C+1665068]
	Ordinal0 [0x0028B128+1683752]
	Ordinal0 [0x0028B215+1683989]
	Ordinal0 [0x00296484+1729668]
	BaseThreadInitThunk [0x76EF7BA9+25]
	RtlInitializeExceptionChain [0x77DABDAB+107]
	RtlClearBits [0x77DABD2F+191]
	(No symbol) [0x00000000]
">
      <![CDATA[org.openqa.selenium.SessionNotCreatedException: session not created: This version of ChromeDriver only supports Chrome version 107
Current browser version is 123.0.6312.88 with binary path C:\Program Files\Google\Chrome\Application\chrome.exe
Build info: version: '3.141.59', revision: 'e82be7d358', time: '2018-11-14T08:17:03'
System info: host: 'R_LUV', ip: '10.0.0.240', os.name: 'Windows 11', os.arch: 'amd64', os.version: '10.0', java.version: '21.0.1'
Driver info: driver.version: ChromeDriver
remote stacktrace: Backtrace:
Ordinal0 [0x002EACD3+2075859]
Ordinal0 [0x0027EE61+1633889]
Ordinal0 [0x0017B7BD+571325]
Ordinal0 [0x0019DFCD+712653]
Ordinal0 [0x00199266+692838]
Ordinal0 [0x00196BE9+682985]
Ordinal0 [0x001CDBD3+908243]
Ordinal0 [0x001CD6AA+906922]
Ordinal0 [0x001C7136+880950]
Ordinal0 [0x0019FEFD+720637]
Ordinal0 [0x001A0F3F+724799]
GetHandleVerifier [0x0059EED2+2769538]
GetHandleVerifier [0x00590D95+2711877]
GetHandleVerifier [0x0037A03A+521194]
GetHandleVerifier [0x00378DA0+516432]
Ordinal0 [0x0028682C+1665068]
Ordinal0 [0x0028B128+1683752]
Ordinal0 [0x0028B215+1683989]
Ordinal0 [0x00296484+1729668]
BaseThreadInitThunk [0x76EF7BA9+25]
RtlInitializeExceptionChain [0x77DABDAB+107]
RtlClearBits [0x77DABD2F+191]
(No symbol) [0x00000000]

at java.base/jdk.internal.reflect.DirectConstructorHandleAccessor.newInstance(DirectConstructorHandleAccessor.java:62)
at java.base/java.lang.reflect.Constructor.newInstanceWithCaller(Constructor.java:502)
at java.base/java.lang.reflect.Constructor.newInstance(Constructor.java:486)
at org.openqa.selenium.remote.W3CHandshakeResponse.lambda$errorHandler$0(W3CHandshakeResponse.java:62)
at org.openqa.selenium.remote.HandshakeResponse.lambda$getResponseFunction$0(HandshakeResponse.java:30)
at org.openqa.selenium.remote.ProtocolHandshake.lambda$createSession$0(ProtocolHandshake.java:126)
at java.base/java.util.stream.ReferencePipeline$3$1.accept(ReferencePipeline.java:197)
at java.base/java.util.Spliterators$ArraySpliterator.tryAdvance(Spliterators.java:1034)
at java.base/java.util.stream.ReferencePipeline.forEachWithCancel(ReferencePipeline.java:129)
at java.base/java.util.stream.AbstractPipeline.copyIntoWithCancel(AbstractPipeline.java:527)
at java.base/java.util.stream.AbstractPipeline.copyInto(AbstractPipeline.java:513)
at java.base/java.util.stream.AbstractPipeline.wrapAndCopyInto(AbstractPipeline.java:499)
at java.base/java.util.stream.FindOps$FindOp.evaluateSequential(FindOps.java:150)
at java.base/java.util.stream.AbstractPipeline.evaluate(AbstractPipeline.java:234)
at java.base/java.util.stream.ReferencePipeline.findFirst(ReferencePipeline.java:647)
at org.openqa.selenium.remote.ProtocolHandshake.createSession(ProtocolHandshake.java:128)
at org.openqa.selenium.remote.ProtocolHandshake.createSession(ProtocolHandshake.java:74)
at org.openqa.selenium.remote.HttpCommandExecutor.execute(HttpCommandExecutor.java:136)
at org.openqa.selenium.remote.service.DriverCommandExecutor.execute(DriverCommandExecutor.java:83)
at org.openqa.selenium.remote.RemoteWebDriver.execute(RemoteWebDriver.java:552)
at org.openqa.selenium.remote.RemoteWebDriver.startSession(RemoteWebDriver.java:213)
at org.openqa.selenium.remote.RemoteWebDriver.<init>(RemoteWebDriver.java:131)
at org.openqa.selenium.chrome.ChromeDriver.<init>(ChromeDriver.java:181)
at org.openqa.selenium.chrome.ChromeDriver.<init>(ChromeDriver.java:168)
at org.openqa.selenium.chrome.ChromeDriver.<init>(ChromeDriver.java:123)
at basepackage.Baseclass.initiation(Baseclass.java:40)
at testlayer.CreateaccountTest.initial_setup(CreateaccountTest.java:27)
at java.base/jdk.internal.reflect.DirectMethodHandleAccessor.invoke(DirectMethodHandleAccessor.java:103)
at java.base/java.lang.reflect.Method.invoke(Method.java:580)
at org.testng.internal.MethodInvocationHelper.invokeMethod(MethodInvocationHelper.java:133)
at org.testng.internal.MethodInvocationHelper.invokeMethodConsideringTimeout(MethodInvocationHelper.java:62)
at org.testng.internal.ConfigInvoker.invokeConfigurationMethod(ConfigInvoker.java:385)
at org.testng.internal.ConfigInvoker.invokeConfigurations(ConfigInvoker.java:321)
at org.testng.TestRunner.invokeTestConfigurations(TestRunner.java:637)
at org.testng.TestRunner.beforeRun(TestRunner.java:627)
at org.testng.TestRunner.run(TestRunner.java:589)
at org.testng.SuiteRunner.runTest(SuiteRunner.java:377)
at org.testng.SuiteRunner.runSequentially(SuiteRunner.java:371)
at org.testng.SuiteRunner.privateRun(SuiteRunner.java:332)
at org.testng.SuiteRunner.run(SuiteRunner.java:276)
at org.testng.SuiteRunnerWorker.runSuite(SuiteRunnerWorker.java:53)
at org.testng.SuiteRunnerWorker.run(SuiteRunnerWorker.java:96)
at org.testng.TestNG.runSuitesSequentially(TestNG.java:1212)
at org.testng.TestNG.runSuitesLocally(TestNG.java:1134)
at org.testng.TestNG.runSuites(TestNG.java:1063)
at org.testng.TestNG.run(TestNG.java:1031)
at org.testng.remote.AbstractRemoteTestNG.run(AbstractRemoteTestNG.java:115)
at org.testng.remote.RemoteTestNG.initAndRun(RemoteTestNG.java:251)
at org.testng.remote.RemoteTestNG.main(RemoteTestNG.java:77)
]]>
    </failure>
  </testcase> <!-- @BeforeTest initial_setup -->
  <testcase classname="testlayer.CreateaccountTest" name="@BeforeMethod refresh" time="-1.71225970785E9">
    <skipped/>
  </testcase> <!-- @BeforeMethod refresh -->
  <testcase classname="testlayer.CreateaccountTest" name="@AfterMethod screenshots" time="-1.712259707855E9">
    <skipped/>
  </testcase> <!-- @AfterMethod screenshots -->
  <testcase classname="testlayer.CreateaccountTest" name="@AfterTest close" time="-1.712259707857E9">
    <skipped/>
  </testcase> <!-- @AfterTest close -->
  <testcase classname="testlayer.CreateaccountTest" name="TC01_createaccount" time="0.0">
    <skipped/>
  </testcase> <!-- TC01_createaccount -->
  <testcase classname="testlayer.CreateaccountTest" name="TC12_Conditions_of_use_hyperlink" time="0.0">
    <ignored/>
  </testcase> <!-- TC12_Conditions_of_use_hyperlink -->
  <testcase classname="testlayer.CreateaccountTest" name="TC05_invalid_email" time="0.0">
    <ignored/>
  </testcase> <!-- TC05_invalid_email -->
  <testcase classname="testlayer.CreateaccountTest" name="TC03_Invalid_Mobile_number_or_email" time="0.0">
    <ignored/>
  </testcase> <!-- TC03_Invalid_Mobile_number_or_email -->
  <testcase classname="testlayer.CreateaccountTest" name="TC02_Invalid_Your_name" time="0.0">
    <ignored/>
  </testcase> <!-- TC02_Invalid_Your_name -->
  <testcase classname="testlayer.CreateaccountTest" name="TC08_Invalid_Password_again_field" time="0.0">
    <ignored/>
  </testcase> <!-- TC08_Invalid_Password_again_field -->
  <testcase classname="testlayer.CreateaccountTest" name="TC15_Create_free_business_account_hyperlink" time="0.0">
    <ignored/>
  </testcase> <!-- TC15_Create_free_business_account_hyperlink -->
  <testcase classname="testlayer.CreateaccountTest" name="TC13_Verify_Privacy_Notice_hyperlink" time="0.0">
    <ignored/>
  </testcase> <!-- TC13_Verify_Privacy_Notice_hyperlink -->
  <testcase classname="testlayer.CreateaccountTest" name="TC09_Empty_Password_again_field" time="0.0">
    <ignored/>
  </testcase> <!-- TC09_Empty_Password_again_field -->
  <testcase classname="testlayer.CreateaccountTest" name="TC14_Sign_in_hyperlink" time="0.0">
    <ignored/>
  </testcase> <!-- TC14_Sign_in_hyperlink -->
  <testcase classname="testlayer.CreateaccountTest" name="TC04_Invalid_partial_Mobile_number" time="0.0">
    <ignored/>
  </testcase> <!-- TC04_Invalid_partial_Mobile_number -->
  <testcase classname="testlayer.CreateaccountTest" name="TC07_Invalid_Password" time="0.0">
    <ignored/>
  </testcase> <!-- TC07_Invalid_Password -->
</testsuite> <!-- Default test -->
