<?xml version="1.0" encoding="UTF-8"?>
<testng-results ignored="11" total="12" passed="0" failed="0" skipped="1">
  <reporter-output>
  </reporter-output>
  <suite started-at="2024-04-04T15:41:46 EDT" name="Default suite" finished-at="2024-04-04T15:41:47 EDT" duration-ms="1849">
    <groups>
    </groups>
    <test started-at="2024-04-04T15:41:46 EDT" name="Default test" finished-at="2024-04-04T15:41:47 EDT" duration-ms="1849">
      <class name="testlayer.CreateaccountTest">
        <test-method is-config="true" signature="initial_setup()[pri:0, instance:testlayer.CreateaccountTest@a514af7]" started-at="2024-04-04T15:41:46 EDT" name="initial_setup" finished-at="2024-04-04T15:41:47 EDT" duration-ms="1144" status="FAIL">
          <exception class="org.openqa.selenium.SessionNotCreatedException">
            <message>
              <![CDATA[session not created: This version of ChromeDriver only supports Chrome version 107
Current browser version is 123.0.6312.88 with binary path C:\Program Files\Google\Chrome\Application\chrome.exe
Build info: version: '3.141.59', revision: 'e82be7d358', time: '2018-11-14T08:17:03'
System info: host: 'R_LUV', ip: '10.0.0.240', os.name: 'Windows 11', os.arch: 'amd64', os.version: '10.0', java.version: '21.0.1'
Driver info: driver.version: ChromeDriver
remote stacktrace: Backtrace:
Ordinal0 [0x002EACD3+2075859]
Ordinal0 [0x0027EE61+1633889]
Ordinal0 [0x0017B7BD+571325]
Ordinal0 [0x0019DFCD+712653]
Ordinal0 [0x00199266+692838]
Ordinal0 [0x00196BE9+682985]
Ordinal0 [0x001CDBD3+908243]
Ordinal0 [0x001CD6AA+906922]
Ordinal0 [0x001C7136+880950]
Ordinal0 [0x0019FEFD+720637]
Ordinal0 [0x001A0F3F+724799]
GetHandleVerifier [0x0059EED2+2769538]
GetHandleVerifier [0x00590D95+2711877]
GetHandleVerifier [0x0037A03A+521194]
GetHandleVerifier [0x00378DA0+516432]
Ordinal0 [0x0028682C+1665068]
Ordinal0 [0x0028B128+1683752]
Ordinal0 [0x0028B215+1683989]
Ordinal0 [0x00296484+1729668]
BaseThreadInitThunk [0x76EF7BA9+25]
RtlInitializeExceptionChain [0x77DABDAB+107]
RtlClearBits [0x77DABD2F+191]
(No symbol) [0x00000000]
]]>
            </message>
            <full-stacktrace>
              <![CDATA[org.openqa.selenium.SessionNotCreatedException: session not created: This version of ChromeDriver only supports Chrome version 107
Current browser version is 123.0.6312.88 with binary path C:\Program Files\Google\Chrome\Application\chrome.exe
Build info: version: '3.141.59', revision: 'e82be7d358', time: '2018-11-14T08:17:03'
System info: host: 'R_LUV', ip: '10.0.0.240', os.name: 'Windows 11', os.arch: 'amd64', os.version: '10.0', java.version: '21.0.1'
Driver info: driver.version: ChromeDriver
remote stacktrace: Backtrace:
Ordinal0 [0x002EACD3+2075859]
Ordinal0 [0x0027EE61+1633889]
Ordinal0 [0x0017B7BD+571325]
Ordinal0 [0x0019DFCD+712653]
Ordinal0 [0x00199266+692838]
Ordinal0 [0x00196BE9+682985]
Ordinal0 [0x001CDBD3+908243]
Ordinal0 [0x001CD6AA+906922]
Ordinal0 [0x001C7136+880950]
Ordinal0 [0x0019FEFD+720637]
Ordinal0 [0x001A0F3F+724799]
GetHandleVerifier [0x0059EED2+2769538]
GetHandleVerifier [0x00590D95+2711877]
GetHandleVerifier [0x0037A03A+521194]
GetHandleVerifier [0x00378DA0+516432]
Ordinal0 [0x0028682C+1665068]
Ordinal0 [0x0028B128+1683752]
Ordinal0 [0x0028B215+1683989]
Ordinal0 [0x00296484+1729668]
BaseThreadInitThunk [0x76EF7BA9+25]
RtlInitializeExceptionChain [0x77DABDAB+107]
RtlClearBits [0x77DABD2F+191]
(No symbol) [0x00000000]

at java.base/jdk.internal.reflect.DirectConstructorHandleAccessor.newInstance(DirectConstructorHandleAccessor.java:62)
at java.base/java.lang.reflect.Constructor.newInstanceWithCaller(Constructor.java:502)
at java.base/java.lang.reflect.Constructor.newInstance(Constructor.java:486)
at org.openqa.selenium.remote.W3CHandshakeResponse.lambda$errorHandler$0(W3CHandshakeResponse.java:62)
at org.openqa.selenium.remote.HandshakeResponse.lambda$getResponseFunction$0(HandshakeResponse.java:30)
at org.openqa.selenium.remote.ProtocolHandshake.lambda$createSession$0(ProtocolHandshake.java:126)
at java.base/java.util.stream.ReferencePipeline$3$1.accept(ReferencePipeline.java:197)
at java.base/java.util.Spliterators$ArraySpliterator.tryAdvance(Spliterators.java:1034)
at java.base/java.util.stream.ReferencePipeline.forEachWithCancel(ReferencePipeline.java:129)
at java.base/java.util.stream.AbstractPipeline.copyIntoWithCancel(AbstractPipeline.java:527)
at java.base/java.util.stream.AbstractPipeline.copyInto(AbstractPipeline.java:513)
at java.base/java.util.stream.AbstractPipeline.wrapAndCopyInto(AbstractPipeline.java:499)
at java.base/java.util.stream.FindOps$FindOp.evaluateSequential(FindOps.java:150)
at java.base/java.util.stream.AbstractPipeline.evaluate(AbstractPipeline.java:234)
at java.base/java.util.stream.ReferencePipeline.findFirst(ReferencePipeline.java:647)
at org.openqa.selenium.remote.ProtocolHandshake.createSession(ProtocolHandshake.java:128)
at org.openqa.selenium.remote.ProtocolHandshake.createSession(ProtocolHandshake.java:74)
at org.openqa.selenium.remote.HttpCommandExecutor.execute(HttpCommandExecutor.java:136)
at org.openqa.selenium.remote.service.DriverCommandExecutor.execute(DriverCommandExecutor.java:83)
at org.openqa.selenium.remote.RemoteWebDriver.execute(RemoteWebDriver.java:552)
at org.openqa.selenium.remote.RemoteWebDriver.startSession(RemoteWebDriver.java:213)
at org.openqa.selenium.remote.RemoteWebDriver.<init>(RemoteWebDriver.java:131)
at org.openqa.selenium.chrome.ChromeDriver.<init>(ChromeDriver.java:181)
at org.openqa.selenium.chrome.ChromeDriver.<init>(ChromeDriver.java:168)
at org.openqa.selenium.chrome.ChromeDriver.<init>(ChromeDriver.java:123)
at basepackage.Baseclass.initiation(Baseclass.java:40)
at testlayer.CreateaccountTest.initial_setup(CreateaccountTest.java:27)
at java.base/jdk.internal.reflect.DirectMethodHandleAccessor.invoke(DirectMethodHandleAccessor.java:103)
at java.base/java.lang.reflect.Method.invoke(Method.java:580)
at org.testng.internal.MethodInvocationHelper.invokeMethod(MethodInvocationHelper.java:133)
at org.testng.internal.MethodInvocationHelper.invokeMethodConsideringTimeout(MethodInvocationHelper.java:62)
at org.testng.internal.ConfigInvoker.invokeConfigurationMethod(ConfigInvoker.java:385)
at org.testng.internal.ConfigInvoker.invokeConfigurations(ConfigInvoker.java:321)
at org.testng.TestRunner.invokeTestConfigurations(TestRunner.java:637)
at org.testng.TestRunner.beforeRun(TestRunner.java:627)
at org.testng.TestRunner.run(TestRunner.java:589)
at org.testng.SuiteRunner.runTest(SuiteRunner.java:377)
at org.testng.SuiteRunner.runSequentially(SuiteRunner.java:371)
at org.testng.SuiteRunner.privateRun(SuiteRunner.java:332)
at org.testng.SuiteRunner.run(SuiteRunner.java:276)
at org.testng.SuiteRunnerWorker.runSuite(SuiteRunnerWorker.java:53)
at org.testng.SuiteRunnerWorker.run(SuiteRunnerWorker.java:96)
at org.testng.TestNG.runSuitesSequentially(TestNG.java:1212)
at org.testng.TestNG.runSuitesLocally(TestNG.java:1134)
at org.testng.TestNG.runSuites(TestNG.java:1063)
at org.testng.TestNG.run(TestNG.java:1031)
at org.testng.remote.AbstractRemoteTestNG.run(AbstractRemoteTestNG.java:115)
at org.testng.remote.RemoteTestNG.initAndRun(RemoteTestNG.java:251)
at org.testng.remote.RemoteTestNG.main(RemoteTestNG.java:77)
]]>
            </full-stacktrace>
          </exception> <!-- org.openqa.selenium.SessionNotCreatedException -->
          <reporter-output>
          </reporter-output>
        </test-method> <!-- initial_setup -->
        <test-method is-config="true" signature="refresh()[pri:0, instance:testlayer.CreateaccountTest@a514af7]" started-at="2024-04-04T15:41:47 EDT" name="refresh" finished-at="1969-12-31T19:00:00 EST" duration-ms="-1712259707850" status="SKIP">
          <reporter-output>
          </reporter-output>
        </test-method> <!-- refresh -->
        <test-method signature="TC01_createaccount(java.lang.String,java.lang.String,java.lang.String,java.lang.String,java.lang.String,java.lang.String,java.lang.String,java.lang.String,java.lang.String)[pri:0, instance:testlayer.CreateaccountTest@a514af7]" started-at="2024-04-04T15:41:47 EDT" name="TC01_createaccount" data-provider="testdata" finished-at="2024-04-04T15:41:47 EDT" duration-ms="0" status="SKIP">
          <params>
            <param index="0">
              <value>
                <![CDATA[Karthika]]>
              </value>
            </param>
            <param index="1">
              <value>
                <![CDATA[bykarthika95@gmail.com]]>
              </value>
            </param>
            <param index="2">
              <value>
                <![CDATA[6.473334652E9]]>
              </value>
            </param>
            <param index="3">
              <value>
                <![CDATA[a23456]]>
              </value>
            </param>
            <param index="4">
              <value>
                <![CDATA[a23456]]>
              </value>
            </param>
            <param index="5">
              <value>
                <![CDATA[bykarthika95]]>
              </value>
            </param>
            <param index="6">
              <value>
                <![CDATA[647.0]]>
              </value>
            </param>
            <param index="7">
              <value>
                <![CDATA[a2345]]>
              </value>
            </param>
            <param index="8">
              <value>
                <![CDATA[a2345]]>
              </value>
            </param>
          </params>
          <exception class="org.openqa.selenium.SessionNotCreatedException">
            <message>
              <![CDATA[session not created: This version of ChromeDriver only supports Chrome version 107
Current browser version is 123.0.6312.88 with binary path C:\Program Files\Google\Chrome\Application\chrome.exe
Build info: version: '3.141.59', revision: 'e82be7d358', time: '2018-11-14T08:17:03'
System info: host: 'R_LUV', ip: '10.0.0.240', os.name: 'Windows 11', os.arch: 'amd64', os.version: '10.0', java.version: '21.0.1'
Driver info: driver.version: ChromeDriver
remote stacktrace: Backtrace:
Ordinal0 [0x002EACD3+2075859]
Ordinal0 [0x0027EE61+1633889]
Ordinal0 [0x0017B7BD+571325]
Ordinal0 [0x0019DFCD+712653]
Ordinal0 [0x00199266+692838]
Ordinal0 [0x00196BE9+682985]
Ordinal0 [0x001CDBD3+908243]
Ordinal0 [0x001CD6AA+906922]
Ordinal0 [0x001C7136+880950]
Ordinal0 [0x0019FEFD+720637]
Ordinal0 [0x001A0F3F+724799]
GetHandleVerifier [0x0059EED2+2769538]
GetHandleVerifier [0x00590D95+2711877]
GetHandleVerifier [0x0037A03A+521194]
GetHandleVerifier [0x00378DA0+516432]
Ordinal0 [0x0028682C+1665068]
Ordinal0 [0x0028B128+1683752]
Ordinal0 [0x0028B215+1683989]
Ordinal0 [0x00296484+1729668]
BaseThreadInitThunk [0x76EF7BA9+25]
RtlInitializeExceptionChain [0x77DABDAB+107]
RtlClearBits [0x77DABD2F+191]
(No symbol) [0x00000000]
]]>
            </message>
            <full-stacktrace>
              <![CDATA[org.openqa.selenium.SessionNotCreatedException: session not created: This version of ChromeDriver only supports Chrome version 107
Current browser version is 123.0.6312.88 with binary path C:\Program Files\Google\Chrome\Application\chrome.exe
Build info: version: '3.141.59', revision: 'e82be7d358', time: '2018-11-14T08:17:03'
System info: host: 'R_LUV', ip: '10.0.0.240', os.name: 'Windows 11', os.arch: 'amd64', os.version: '10.0', java.version: '21.0.1'
Driver info: driver.version: ChromeDriver
remote stacktrace: Backtrace:
Ordinal0 [0x002EACD3+2075859]
Ordinal0 [0x0027EE61+1633889]
Ordinal0 [0x0017B7BD+571325]
Ordinal0 [0x0019DFCD+712653]
Ordinal0 [0x00199266+692838]
Ordinal0 [0x00196BE9+682985]
Ordinal0 [0x001CDBD3+908243]
Ordinal0 [0x001CD6AA+906922]
Ordinal0 [0x001C7136+880950]
Ordinal0 [0x0019FEFD+720637]
Ordinal0 [0x001A0F3F+724799]
GetHandleVerifier [0x0059EED2+2769538]
GetHandleVerifier [0x00590D95+2711877]
GetHandleVerifier [0x0037A03A+521194]
GetHandleVerifier [0x00378DA0+516432]
Ordinal0 [0x0028682C+1665068]
Ordinal0 [0x0028B128+1683752]
Ordinal0 [0x0028B215+1683989]
Ordinal0 [0x00296484+1729668]
BaseThreadInitThunk [0x76EF7BA9+25]
RtlInitializeExceptionChain [0x77DABDAB+107]
RtlClearBits [0x77DABD2F+191]
(No symbol) [0x00000000]

at java.base/jdk.internal.reflect.DirectConstructorHandleAccessor.newInstance(DirectConstructorHandleAccessor.java:62)
at java.base/java.lang.reflect.Constructor.newInstanceWithCaller(Constructor.java:502)
at java.base/java.lang.reflect.Constructor.newInstance(Constructor.java:486)
at org.openqa.selenium.remote.W3CHandshakeResponse.lambda$errorHandler$0(W3CHandshakeResponse.java:62)
at org.openqa.selenium.remote.HandshakeResponse.lambda$getResponseFunction$0(HandshakeResponse.java:30)
at org.openqa.selenium.remote.ProtocolHandshake.lambda$createSession$0(ProtocolHandshake.java:126)
at java.base/java.util.stream.ReferencePipeline$3$1.accept(ReferencePipeline.java:197)
at java.base/java.util.Spliterators$ArraySpliterator.tryAdvance(Spliterators.java:1034)
at java.base/java.util.stream.ReferencePipeline.forEachWithCancel(ReferencePipeline.java:129)
at java.base/java.util.stream.AbstractPipeline.copyIntoWithCancel(AbstractPipeline.java:527)
at java.base/java.util.stream.AbstractPipeline.copyInto(AbstractPipeline.java:513)
at java.base/java.util.stream.AbstractPipeline.wrapAndCopyInto(AbstractPipeline.java:499)
at java.base/java.util.stream.FindOps$FindOp.evaluateSequential(FindOps.java:150)
at java.base/java.util.stream.AbstractPipeline.evaluate(AbstractPipeline.java:234)
at java.base/java.util.stream.ReferencePipeline.findFirst(ReferencePipeline.java:647)
at org.openqa.selenium.remote.ProtocolHandshake.createSession(ProtocolHandshake.java:128)
at org.openqa.selenium.remote.ProtocolHandshake.createSession(ProtocolHandshake.java:74)
at org.openqa.selenium.remote.HttpCommandExecutor.execute(HttpCommandExecutor.java:136)
at org.openqa.selenium.remote.service.DriverCommandExecutor.execute(DriverCommandExecutor.java:83)
at org.openqa.selenium.remote.RemoteWebDriver.execute(RemoteWebDriver.java:552)
at org.openqa.selenium.remote.RemoteWebDriver.startSession(RemoteWebDriver.java:213)
at org.openqa.selenium.remote.RemoteWebDriver.<init>(RemoteWebDriver.java:131)
at org.openqa.selenium.chrome.ChromeDriver.<init>(ChromeDriver.java:181)
at org.openqa.selenium.chrome.ChromeDriver.<init>(ChromeDriver.java:168)
at org.openqa.selenium.chrome.ChromeDriver.<init>(ChromeDriver.java:123)
at basepackage.Baseclass.initiation(Baseclass.java:40)
at testlayer.CreateaccountTest.initial_setup(CreateaccountTest.java:27)
at java.base/jdk.internal.reflect.DirectMethodHandleAccessor.invoke(DirectMethodHandleAccessor.java:103)
at java.base/java.lang.reflect.Method.invoke(Method.java:580)
at org.testng.internal.MethodInvocationHelper.invokeMethod(MethodInvocationHelper.java:133)
at org.testng.internal.MethodInvocationHelper.invokeMethodConsideringTimeout(MethodInvocationHelper.java:62)
at org.testng.internal.ConfigInvoker.invokeConfigurationMethod(ConfigInvoker.java:385)
at org.testng.internal.ConfigInvoker.invokeConfigurations(ConfigInvoker.java:321)
at org.testng.TestRunner.invokeTestConfigurations(TestRunner.java:637)
at org.testng.TestRunner.beforeRun(TestRunner.java:627)
at org.testng.TestRunner.run(TestRunner.java:589)
at org.testng.SuiteRunner.runTest(SuiteRunner.java:377)
at org.testng.SuiteRunner.runSequentially(SuiteRunner.java:371)
at org.testng.SuiteRunner.privateRun(SuiteRunner.java:332)
at org.testng.SuiteRunner.run(SuiteRunner.java:276)
at org.testng.SuiteRunnerWorker.runSuite(SuiteRunnerWorker.java:53)
at org.testng.SuiteRunnerWorker.run(SuiteRunnerWorker.java:96)
at org.testng.TestNG.runSuitesSequentially(TestNG.java:1212)
at org.testng.TestNG.runSuitesLocally(TestNG.java:1134)
at org.testng.TestNG.runSuites(TestNG.java:1063)
at org.testng.TestNG.run(TestNG.java:1031)
at org.testng.remote.AbstractRemoteTestNG.run(AbstractRemoteTestNG.java:115)
at org.testng.remote.RemoteTestNG.initAndRun(RemoteTestNG.java:251)
at org.testng.remote.RemoteTestNG.main(RemoteTestNG.java:77)
]]>
            </full-stacktrace>
          </exception> <!-- org.openqa.selenium.SessionNotCreatedException -->
          <reporter-output>
          </reporter-output>
        </test-method> <!-- TC01_createaccount -->
        <test-method is-config="true" signature="screenshots()[pri:0, instance:testlayer.CreateaccountTest@a514af7]" started-at="2024-04-04T15:41:47 EDT" name="screenshots" finished-at="1969-12-31T19:00:00 EST" duration-ms="-1712259707855" status="SKIP">
          <reporter-output>
          </reporter-output>
        </test-method> <!-- screenshots -->
        <test-method is-config="true" signature="close()[pri:0, instance:testlayer.CreateaccountTest@a514af7]" started-at="2024-04-04T15:41:47 EDT" name="close" finished-at="1969-12-31T19:00:00 EST" duration-ms="-1712259707857" status="SKIP">
          <reporter-output>
          </reporter-output>
        </test-method> <!-- close -->
      </class> <!-- testlayer.CreateaccountTest -->
    </test> <!-- Default test -->
  </suite> <!-- Default suite -->
</testng-results>
