<?xml version="1.0" encoding="UTF-8"?>
<!-- Generated by org.testng.reporters.JUnitReportReporter -->
<testsuite hostname="R_LUV" failures="0" tests="23" name="testlayer.Your_Account_Test" time="0.006" errors="1" timestamp="2024-04-04T15:32:25 EDT" skipped="22">
  <testcase classname="testlayer.Your_Account_Test" name="TC51_Cancelled_Orders" time="0.000">
    <skipped/>
  </testcase> <!-- TC51_Cancelled_Orders -->
  <system-out/>
  <testcase classname="testlayer.Your_Account_Test" name="TC43_Ordering_and_shopping_preferences" time="0.000">
    <skipped/>
  </testcase> <!-- TC43_Ordering_and_shopping_preferences -->
  <system-out/>
  <testcase classname="testlayer.Your_Account_Test" name="TC39_Customer_service" time="0.000">
    <skipped/>
  </testcase> <!-- TC39_Customer_service -->
  <system-out/>
  <testcase classname="testlayer.Your_Account_Test" name="TC46_Subscriptions" time="0.000">
    <skipped/>
  </testcase> <!-- TC46_Subscriptions -->
  <system-out/>
  <testcase classname="testlayer.Your_Account_Test" name="TC32_Your_Account" time="0.000">
    <skipped/>
  </testcase> <!-- TC32_Your_Account -->
  <system-out/>
  <testcase classname="testlayer.Your_Account_Test" name="TC41_Email_alerts_messages_and_ads" time="0.000">
    <skipped/>
  </testcase> <!-- TC41_Email_alerts_messages_and_ads -->
  <system-out/>
  <testcase classname="testlayer.Your_Account_Test" name="initial_setup" time="0.006">
    <error message="Cannot invoke &quot;String.equals(Object)&quot; because &quot;browsername&quot; is null" type="java.lang.NullPointerException">
      <![CDATA[java.lang.NullPointerException: Cannot invoke "String.equals(Object)" because "browsername" is null
at basepackage.Baseclass.initiation(Baseclass.java:38)
at testlayer.Your_Account_Test.initial_setup(Your_Account_Test.java:28)
at java.base/jdk.internal.reflect.DirectMethodHandleAccessor.invoke(DirectMethodHandleAccessor.java:103)
at java.base/java.lang.reflect.Method.invoke(Method.java:580)
at org.testng.internal.MethodInvocationHelper.invokeMethod(MethodInvocationHelper.java:133)
at org.testng.internal.MethodInvocationHelper.invokeMethodConsideringTimeout(MethodInvocationHelper.java:62)
at org.testng.internal.ConfigInvoker.invokeConfigurationMethod(ConfigInvoker.java:385)
at org.testng.internal.ConfigInvoker.invokeConfigurations(ConfigInvoker.java:321)
at org.testng.TestRunner.invokeTestConfigurations(TestRunner.java:637)
at org.testng.TestRunner.beforeRun(TestRunner.java:627)
at org.testng.TestRunner.run(TestRunner.java:589)
at org.testng.SuiteRunner.runTest(SuiteRunner.java:377)
at org.testng.SuiteRunner.runSequentially(SuiteRunner.java:371)
at org.testng.SuiteRunner.privateRun(SuiteRunner.java:332)
at org.testng.SuiteRunner.run(SuiteRunner.java:276)
at org.testng.SuiteRunnerWorker.runSuite(SuiteRunnerWorker.java:53)
at org.testng.SuiteRunnerWorker.run(SuiteRunnerWorker.java:96)
at org.testng.TestNG.runSuitesSequentially(TestNG.java:1212)
at org.testng.TestNG.runSuitesLocally(TestNG.java:1134)
at org.testng.TestNG.runSuites(TestNG.java:1063)
at org.testng.TestNG.run(TestNG.java:1031)
at org.testng.remote.AbstractRemoteTestNG.run(AbstractRemoteTestNG.java:115)
at org.testng.remote.RemoteTestNG.initAndRun(RemoteTestNG.java:251)
at org.testng.remote.RemoteTestNG.main(RemoteTestNG.java:77)
]]>
    </error>
  </testcase> <!-- initial_setup -->
  <system-out/>
  <testcase classname="testlayer.Your_Account_Test" name="TC119_Not_Yet_Shipped" time="0.000">
    <skipped/>
  </testcase> <!-- TC119_Not_Yet_Shipped -->
  <system-out/>
  <testcase classname="testlayer.Your_Account_Test" name="TC47_Data_and_Privacy" time="0.000">
    <skipped/>
  </testcase> <!-- TC47_Data_and_Privacy -->
  <system-out/>
  <testcase classname="testlayer.Your_Account_Test" name="TC31_View_and_access_account_information" time="0.000">
    <skipped/>
  </testcase> <!-- TC31_View_and_access_account_information -->
  <system-out/>
  <testcase classname="testlayer.Your_Account_Test" name="TC37_Your_Payments" time="0.000">
    <skipped/>
  </testcase> <!-- TC37_Your_Payments -->
  <system-out/>
  <testcase classname="testlayer.Your_Account_Test" name="TC40_Digital_content_and_devices" time="0.000">
    <skipped/>
  </testcase> <!-- TC40_Digital_content_and_devices -->
  <system-out/>
  <testcase classname="testlayer.Your_Account_Test" name="TC42_More_ways_to_pay" time="0.000">
    <skipped/>
  </testcase> <!-- TC42_More_ways_to_pay -->
  <system-out/>
  <testcase classname="testlayer.Your_Account_Test" name="TC48_Orders" time="0.000">
    <skipped/>
  </testcase> <!-- TC48_Orders -->
  <system-out/>
  <testcase classname="testlayer.Your_Account_Test" name="TC35_Prime" time="0.000">
    <skipped/>
  </testcase> <!-- TC35_Prime -->
  <system-out/>
  <testcase classname="testlayer.Your_Account_Test" name="TC49_Orders_placed_in_past" time="0.000">
    <skipped/>
  </testcase> <!-- TC49_Orders_placed_in_past -->
  <system-out/>
  <testcase classname="testlayer.Your_Account_Test" name="TC33_Your_Orders" time="0.000">
    <skipped/>
  </testcase> <!-- TC33_Your_Orders -->
  <system-out/>
  <testcase classname="testlayer.Your_Account_Test" name="TC45_Shopping_programs_and_rentals" time="0.000">
    <skipped/>
  </testcase> <!-- TC45_Shopping_programs_and_rentals -->
  <system-out/>
  <testcase classname="testlayer.Your_Account_Test" name="TC34_Login_and_security" time="0.000">
    <skipped/>
  </testcase> <!-- TC34_Login_and_security -->
  <system-out/>
  <testcase classname="testlayer.Your_Account_Test" name="TC50_Buy_again" time="0.000">
    <skipped/>
  </testcase> <!-- TC50_Buy_again -->
  <system-out/>
  <testcase classname="testlayer.Your_Account_Test" name="TC36_Your_Addresses" time="0.000">
    <skipped/>
  </testcase> <!-- TC36_Your_Addresses -->
  <system-out/>
  <testcase classname="testlayer.Your_Account_Test" name="TC38_Gift_Cards" time="0.000">
    <skipped/>
  </testcase> <!-- TC38_Gift_Cards -->
  <system-out/>
  <testcase classname="testlayer.Your_Account_Test" name="TC44_Other_accounts" time="0.000">
    <skipped/>
  </testcase> <!-- TC44_Other_accounts -->
  <system-out/>
</testsuite> <!-- testlayer.Your_Account_Test -->
